<?xml version="1.0" encoding="UTF-8" ?>
<testsuite tests="0" failures="0" name="myPrac.MyTest" time="0" errors="0" skipped="0">
  <properties>
    <property name="JOB_NAME" value="NewProject"/>
    <property name="java.vendor" value="Oracle Corporation"/>
    <property name="PWD" value="/Users/salmankhan/Documents/Coding/jenkins"/>
    <property name="sun.java.launcher" value="SUN_STANDARD"/>
    <property name="RUN_TESTS_DISPLAY_URL" value="http://localhost:8080/job/NewProject/1/display/redirect?page=tests"/>
    <property name="sun.management.compiler" value="HotSpot 64-Bit Tiered Compilers"/>
    <property name="JENKINS_HOME" value="/Users/salmankhan/.jenkins"/>
    <property name="PATH" value="/Library/Java/JavaVirtualMachines/jdk-20.jdk/Contents/Home/bin:/usr/bin/git/bin:/Library/apache-maven-3.8.8/bin:/Library/Java/JavaVirtualMachines/jdk-13.0.1.jdk/Contents/Home/jre/bin:/usr/local/bin:/System/Cryptexes/App/usr/bin:/usr/bin:/bin:/usr/sbin:/sbin:/var/run/com.apple.security.cryptexd/codex.system/bootstrap/usr/local/bin:/var/run/com.apple.security.cryptexd/codex.system/bootstrap/usr/bin:/var/run/com.apple.security.cryptexd/codex.system/bootstrap/usr/appleinternal/bin:/Library/Apple/usr/bin"/>
    <property name="HUDSON_SERVER_COOKIE" value="c98c4997e0d5bc2e"/>
    <property name="os.name" value="Mac OS X"/>
    <property name="TERM_PROGRAM" value="Apple_Terminal"/>
    <property name="EXECUTOR_NUMBER" value="1"/>
    <property name="TERM_SESSION_ID" value="C02A8E06-6DDD-4F67-8C64-3C2A2CC236EF"/>
    <property name="java.vm.specification.vendor" value="Oracle Corporation"/>
    <property name="NODE_LABELS" value="built-in"/>
    <property name="java.runtime.version" value="20.0.2+9-78"/>
    <property name="user.name" value="salmankhan"/>
    <property name="guice.disable.misplaced.annotation.check" value="true"/>
    <property name="stdout.encoding" value="UTF-8"/>
    <property name="user.language" value="en"/>
    <property name="JOB_BASE_NAME" value="NewProject"/>
    <property name="RUN_CHANGES_DISPLAY_URL" value="http://localhost:8080/job/NewProject/1/display/redirect?page=changes"/>
    <property name="BUILD_DISPLAY_NAME" value="#1"/>
    <property name="TMPDIR" value="/var/folders/vv/rl_0__js2cd21tkf6zgnjpqr0000gn/T/"/>
    <property name="sun.boot.library.path" value="/Library/Java/JavaVirtualMachines/jdk-20.jdk/Contents/Home/lib"/>
    <property name="java.vm.compressedOopsMode" value="Zero based"/>
    <property name="java.version" value="20.0.2"/>
    <property name="XPC_FLAGS" value="0x0"/>
    <property name="user.timezone" value="Australia/Sydney"/>
    <property name="sun.arch.data.model" value="64"/>
    <property name="NODE_NAME" value="built-in"/>
    <property name="TERM" value="xterm-256color"/>
    <property name="http.nonProxyHosts" value="local|*.local|169.254/16|*.169.254/16"/>
    <property name="BUILD_ID" value="1"/>
    <property name="sun.jnu.encoding" value="UTF-8"/>
    <property name="SHELL" value="/bin/zsh"/>
    <property name="file.separator" value="/"/>
    <property name="java.specification.name" value="Java Platform API Specification"/>
    <property name="maven.conf" value="/Library/apache-maven-3.8.8/conf"/>
    <property name="java.class.version" value="64.0"/>
    <property name="org.slf4j.simpleLogger.defaultLogLevel" value="info"/>
    <property name="user.country" value="AU"/>
    <property name="java.home" value="/Library/Java/JavaVirtualMachines/jdk-20.jdk/Contents/Home"/>
    <property name="java.vm.info" value="mixed mode, sharing"/>
    <property name="os.version" value="14.3.1"/>
    <property name="RUN_DISPLAY_URL" value="http://localhost:8080/job/NewProject/1/display/redirect"/>
    <property name="path.separator" value=":"/>
    <property name="RUN_ARTIFACTS_DISPLAY_URL" value="http://localhost:8080/job/NewProject/1/display/redirect?page=artifacts"/>
    <property name="java.vm.version" value="20.0.2+9-78"/>
    <property name="stderr.encoding" value="UTF-8"/>
    <property name="JOB_DISPLAY_URL" value="http://localhost:8080/job/NewProject/display/redirect"/>
    <property name="SHLVL" value="1"/>
    <property name="_" value="/usr/bin/java"/>
    <property name="JAVA_HOME" value="/Library/Java/JavaVirtualMachines/jdk-20.jdk/Contents/Home"/>
    <property name="sun.io.unicode.encoding" value="UnicodeBig"/>
    <property name="LOGNAME" value="salmankhan"/>
    <property name="socksNonProxyHosts" value="local|*.local|169.254/16|*.169.254/16"/>
    <property name="HOME" value="/Users/salmankhan"/>
    <property name="ftp.nonProxyHosts" value="local|*.local|169.254/16|*.169.254/16"/>
    <property name="user.home" value="/Users/salmankhan"/>
    <property name="BUILD_TAG" value="jenkins-NewProject-1"/>
    <property name="JENKINS_SERVER_COOKIE" value="c98c4997e0d5bc2e"/>
    <property name="XPC_SERVICE_NAME" value="0"/>
    <property name="HUDSON_URL" value="http://localhost:8080/"/>
    <property name="java.version.date" value="2023-07-18"/>
    <property name="java.specification.vendor" value="Oracle Corporation"/>
    <property name="CLASSPATH" value=""/>
    <property name="java.library.path" value="/Users/salmankhan/Library/Java/Extensions:/Library/Java/Extensions:/Network/Library/Java/Extensions:/System/Library/Java/Extensions:/usr/lib/java:."/>
    <property name="java.vendor.url" value="https://java.oracle.com/"/>
    <property name="java.vm.vendor" value="Oracle Corporation"/>
    <property name="java.runtime.name" value="Java(TM) SE Runtime Environment"/>
    <property name="maven.home" value="/Library/apache-maven-3.8.8"/>
    <property name="sun.java.command" value="jenkins.maven3.agent.Maven35Main /Library/apache-maven-3.8.8 /Users/salmankhan/.jenkins/war/WEB-INF/lib/remoting-3206.vb_15dcf73f6a_9.jar /Users/salmankhan/.jenkins/plugins/maven-plugin/WEB-INF/lib/maven35-interceptor-1.14.jar /Users/salmankhan/.jenkins/plugins/maven-plugin/WEB-INF/lib/maven3-interceptor-commons-1.14.jar 56449"/>
    <property name="java.class.path" value="/Users/salmankhan/.jenkins/plugins/maven-plugin/WEB-INF/lib/maven35-agent-1.14.jar:/Library/apache-maven-3.8.8/boot/plexus-classworlds-2.6.0.jar:/Library/apache-maven-3.8.8/conf/logging"/>
    <property name="native.encoding" value="UTF-8"/>
    <property name="jdk.debug" value="release"/>
    <property name="java.vm.specification.name" value="Java Virtual Machine Specification"/>
    <property name="jansi.mode" value="strip"/>
    <property name="PATH+JDK" value="/Library/Java/JavaVirtualMachines/jdk-20.jdk/Contents/Home/bin"/>
    <property name="java.vm.specification.version" value="20"/>
    <property name="M2_HOME" value="/Library/apache-maven-3.8.8"/>
    <property name="sun.cpu.endian" value="little"/>
    <property name="CI" value="true"/>
    <property name="java.io.tmpdir" value="/var/folders/vv/rl_0__js2cd21tkf6zgnjpqr0000gn/T/"/>
    <property name="HUDSON_HOME" value="/Users/salmankhan/.jenkins"/>
    <property name="PATH+MAVEN" value="/Library/apache-maven-3.8.8/bin"/>
    <property name="java.vendor.url.bug" value="https://bugreport.java.com/bugreport/"/>
    <property name="OLDPWD" value="/Users/salmankhan"/>
    <property name="BUILD_URL" value="http://localhost:8080/job/NewProject/1/"/>
    <property name="SSH_AUTH_SOCK" value="/private/tmp/com.apple.launchd.JmBJVgEE2g/Listeners"/>
    <property name="os.arch" value="aarch64"/>
    <property name="__CF_USER_TEXT_ENCODING" value="0x1F5:0:15"/>
    <property name="user.dir" value="/Users/salmankhan/Documents/Coding/Eclipse/Project/gitSampleSelenium"/>
    <property name="JOB_URL" value="http://localhost:8080/job/NewProject/"/>
    <property name="apple.awt.application.name" value="Maven35Main"/>
    <property name="MAVEN_HOME" value="/Library/apache-maven-3.8.8"/>
    <property name="line.separator" value="
"/>
    <property name="java.vm.name" value="Java HotSpot(TM) 64-Bit Server VM"/>
    <property name="BUILD_NUMBER" value="1"/>
    <property name="TERM_PROGRAM_VERSION" value="453"/>
    <property name="JENKINS_URL" value="http://localhost:8080/"/>
    <property name="__CFBundleIdentifier" value="com.apple.Terminal"/>
    <property name="LANG" value="en_AU.UTF-8"/>
    <property name="GIT_HOME" value="/usr/bin/git"/>
    <property name="file.encoding" value="UTF-8"/>
    <property name="maven3.interceptor" value="/Users/salmankhan/.jenkins/plugins/maven-plugin/WEB-INF/lib/maven35-interceptor-1.14.jar"/>
    <property name="WORKSPACE_TMP" value="/Users/salmankhan/.jenkins/workspace/NewProject@tmp"/>
    <property name="WORKSPACE" value="/Users/salmankhan/.jenkins/workspace/NewProject"/>
    <property name="maven3.interceptor.common" value="/Users/salmankhan/.jenkins/plugins/maven-plugin/WEB-INF/lib/maven3-interceptor-commons-1.14.jar"/>
    <property name="java.specification.version" value="20"/>
    <property name="USER" value="salmankhan"/>
  </properties>
</testsuite>